<?xml version="1.0" encoding="UTF-8"?>
<testsuite xmlns:xsi="http://www.w3.org/2001/XMLSchema-instance" xsi:noNamespaceSchemaLocation="https://maven.apache.org/surefire/maven-surefire-plugin/xsd/surefire-test-report.xsd" name="ao.AppTest" time="2.871" tests="1" errors="0" skipped="0" failures="0">
  <properties>
    <property name="sun.desktop" value="windows"/>
    <property name="awt.toolkit" value="sun.awt.windows.WToolkit"/>
    <property name="java.specification.version" value="11"/>
    <property name="sun.cpu.isalist" value="amd64"/>
    <property name="sun.jnu.encoding" value="Cp1251"/>
    <property name="java.class.path" value="C:\Users\alain.plana\IdeaProjects\parser\chllng\target\test-classes;C:\Users\alain.plana\IdeaProjects\parser\chllng\target\classes;C:\Users\alain.plana\.m2\repository\org\springframework\boot\spring-boot-starter\2.1.8.RELEASE\spring-boot-starter-2.1.8.RELEASE.jar;C:\Users\alain.plana\.m2\repository\org\springframework\boot\spring-boot\2.1.8.RELEASE\spring-boot-2.1.8.RELEASE.jar;C:\Users\alain.plana\.m2\repository\org\springframework\spring-context\5.1.9.RELEASE\spring-context-5.1.9.RELEASE.jar;C:\Users\alain.plana\.m2\repository\org\springframework\spring-aop\5.1.9.RELEASE\spring-aop-5.1.9.RELEASE.jar;C:\Users\alain.plana\.m2\repository\org\springframework\spring-beans\5.1.9.RELEASE\spring-beans-5.1.9.RELEASE.jar;C:\Users\alain.plana\.m2\repository\org\springframework\spring-expression\5.1.9.RELEASE\spring-expression-5.1.9.RELEASE.jar;C:\Users\alain.plana\.m2\repository\org\springframework\boot\spring-boot-autoconfigure\2.1.8.RELEASE\spring-boot-autoconfigure-2.1.8.RELEASE.jar;C:\Users\alain.plana\.m2\repository\org\springframework\boot\spring-boot-starter-logging\2.1.8.RELEASE\spring-boot-starter-logging-2.1.8.RELEASE.jar;C:\Users\alain.plana\.m2\repository\ch\qos\logback\logback-classic\1.2.3\logback-classic-1.2.3.jar;C:\Users\alain.plana\.m2\repository\ch\qos\logback\logback-core\1.2.3\logback-core-1.2.3.jar;C:\Users\alain.plana\.m2\repository\org\slf4j\slf4j-api\1.7.25\slf4j-api-1.7.25.jar;C:\Users\alain.plana\.m2\repository\org\apache\logging\log4j\log4j-to-slf4j\2.11.2\log4j-to-slf4j-2.11.2.jar;C:\Users\alain.plana\.m2\repository\org\apache\logging\log4j\log4j-api\2.11.2\log4j-api-2.11.2.jar;C:\Users\alain.plana\.m2\repository\org\slf4j\jul-to-slf4j\1.7.28\jul-to-slf4j-1.7.28.jar;C:\Users\alain.plana\.m2\repository\javax\annotation\javax.annotation-api\1.3.2\javax.annotation-api-1.3.2.jar;C:\Users\alain.plana\.m2\repository\org\springframework\spring-core\5.1.9.RELEASE\spring-core-5.1.9.RELEASE.jar;C:\Users\alain.plana\.m2\repository\org\springframework\spring-jcl\5.1.9.RELEASE\spring-jcl-5.1.9.RELEASE.jar;C:\Users\alain.plana\.m2\repository\org\yaml\snakeyaml\1.23\snakeyaml-1.23.jar;C:\Users\alain.plana\.m2\repository\io\vertx\vertx-web\4.0.0-milestone2\vertx-web-4.0.0-milestone2.jar;C:\Users\alain.plana\.m2\repository\io\vertx\vertx-web-common\4.0.0-milestone2\vertx-web-common-4.0.0-milestone2.jar;C:\Users\alain.plana\.m2\repository\io\vertx\vertx-auth-common\4.0.0-milestone2\vertx-auth-common-4.0.0-milestone2.jar;C:\Users\alain.plana\.m2\repository\io\vertx\vertx-bridge-common\4.0.0-milestone2\vertx-bridge-common-4.0.0-milestone2.jar;C:\Users\alain.plana\.m2\repository\io\vertx\vertx-core\4.0.0-milestone2\vertx-core-4.0.0-milestone2.jar;C:\Users\alain.plana\.m2\repository\io\netty\netty-common\4.1.39.Final\netty-common-4.1.39.Final.jar;C:\Users\alain.plana\.m2\repository\io\netty\netty-buffer\4.1.39.Final\netty-buffer-4.1.39.Final.jar;C:\Users\alain.plana\.m2\repository\io\netty\netty-transport\4.1.39.Final\netty-transport-4.1.39.Final.jar;C:\Users\alain.plana\.m2\repository\io\netty\netty-handler\4.1.39.Final\netty-handler-4.1.39.Final.jar;C:\Users\alain.plana\.m2\repository\io\netty\netty-codec\4.1.39.Final\netty-codec-4.1.39.Final.jar;C:\Users\alain.plana\.m2\repository\io\netty\netty-handler-proxy\4.1.39.Final\netty-handler-proxy-4.1.39.Final.jar;C:\Users\alain.plana\.m2\repository\io\netty\netty-codec-socks\4.1.39.Final\netty-codec-socks-4.1.39.Final.jar;C:\Users\alain.plana\.m2\repository\io\netty\netty-codec-http\4.1.39.Final\netty-codec-http-4.1.39.Final.jar;C:\Users\alain.plana\.m2\repository\io\netty\netty-codec-http2\4.1.39.Final\netty-codec-http2-4.1.39.Final.jar;C:\Users\alain.plana\.m2\repository\io\netty\netty-resolver\4.1.39.Final\netty-resolver-4.1.39.Final.jar;C:\Users\alain.plana\.m2\repository\io\netty\netty-resolver-dns\4.1.39.Final\netty-resolver-dns-4.1.39.Final.jar;C:\Users\alain.plana\.m2\repository\io\netty\netty-codec-dns\4.1.39.Final\netty-codec-dns-4.1.39.Final.jar;C:\Users\alain.plana\.m2\repository\com\fasterxml\jackson\core\jackson-core\2.9.9\jackson-core-2.9.9.jar;C:\Users\alain.plana\.m2\repository\com\fasterxml\jackson\core\jackson-databind\2.9.9.1\jackson-databind-2.9.9.1.jar;C:\Users\alain.plana\.m2\repository\com\fasterxml\jackson\core\jackson-annotations\2.9.0\jackson-annotations-2.9.0.jar;C:\Users\alain.plana\.m2\repository\junit\junit\4.12\junit-4.12.jar;C:\Users\alain.plana\.m2\repository\org\hamcrest\hamcrest-core\1.3\hamcrest-core-1.3.jar;C:\Users\alain.plana\.m2\repository\io\vertx\vertx-unit\4.0.0-milestone2\vertx-unit-4.0.0-milestone2.jar;"/>
    <property name="java.vm.vendor" value="Oracle Corporation"/>
    <property name="sun.arch.data.model" value="64"/>
    <property name="user.variant" value=""/>
    <property name="java.vendor.url" value="http://java.oracle.com/"/>
    <property name="user.timezone" value="Europe/Helsinki"/>
    <property name="user.country.format" value="BG"/>
    <property name="java.vm.specification.version" value="11"/>
    <property name="os.name" value="Windows 10"/>
    <property name="sun.java.launcher" value="SUN_STANDARD"/>
    <property name="user.country" value="US"/>
    <property name="sun.boot.library.path" value="C:\Program Files\Java\jdk-11.0.4\bin"/>
    <property name="sun.java.command" value="C:\Users\ALAIN~1.PLA\AppData\Local\Temp\surefire11824941163664639854\surefirebooter13347954496647167235.jar C:\Users\alain.plana\AppData\Local\Temp\surefire11824941163664639854 2019-10-15T12-04-29_117-jvmRun1 surefire1138478070099300473tmp surefire_22540959936577795894tmp"/>
    <property name="jdk.debug" value="release"/>
    <property name="surefire.test.class.path" value="C:\Users\alain.plana\IdeaProjects\parser\chllng\target\test-classes;C:\Users\alain.plana\IdeaProjects\parser\chllng\target\classes;C:\Users\alain.plana\.m2\repository\org\springframework\boot\spring-boot-starter\2.1.8.RELEASE\spring-boot-starter-2.1.8.RELEASE.jar;C:\Users\alain.plana\.m2\repository\org\springframework\boot\spring-boot\2.1.8.RELEASE\spring-boot-2.1.8.RELEASE.jar;C:\Users\alain.plana\.m2\repository\org\springframework\spring-context\5.1.9.RELEASE\spring-context-5.1.9.RELEASE.jar;C:\Users\alain.plana\.m2\repository\org\springframework\spring-aop\5.1.9.RELEASE\spring-aop-5.1.9.RELEASE.jar;C:\Users\alain.plana\.m2\repository\org\springframework\spring-beans\5.1.9.RELEASE\spring-beans-5.1.9.RELEASE.jar;C:\Users\alain.plana\.m2\repository\org\springframework\spring-expression\5.1.9.RELEASE\spring-expression-5.1.9.RELEASE.jar;C:\Users\alain.plana\.m2\repository\org\springframework\boot\spring-boot-autoconfigure\2.1.8.RELEASE\spring-boot-autoconfigure-2.1.8.RELEASE.jar;C:\Users\alain.plana\.m2\repository\org\springframework\boot\spring-boot-starter-logging\2.1.8.RELEASE\spring-boot-starter-logging-2.1.8.RELEASE.jar;C:\Users\alain.plana\.m2\repository\ch\qos\logback\logback-classic\1.2.3\logback-classic-1.2.3.jar;C:\Users\alain.plana\.m2\repository\ch\qos\logback\logback-core\1.2.3\logback-core-1.2.3.jar;C:\Users\alain.plana\.m2\repository\org\slf4j\slf4j-api\1.7.25\slf4j-api-1.7.25.jar;C:\Users\alain.plana\.m2\repository\org\apache\logging\log4j\log4j-to-slf4j\2.11.2\log4j-to-slf4j-2.11.2.jar;C:\Users\alain.plana\.m2\repository\org\apache\logging\log4j\log4j-api\2.11.2\log4j-api-2.11.2.jar;C:\Users\alain.plana\.m2\repository\org\slf4j\jul-to-slf4j\1.7.28\jul-to-slf4j-1.7.28.jar;C:\Users\alain.plana\.m2\repository\javax\annotation\javax.annotation-api\1.3.2\javax.annotation-api-1.3.2.jar;C:\Users\alain.plana\.m2\repository\org\springframework\spring-core\5.1.9.RELEASE\spring-core-5.1.9.RELEASE.jar;C:\Users\alain.plana\.m2\repository\org\springframework\spring-jcl\5.1.9.RELEASE\spring-jcl-5.1.9.RELEASE.jar;C:\Users\alain.plana\.m2\repository\org\yaml\snakeyaml\1.23\snakeyaml-1.23.jar;C:\Users\alain.plana\.m2\repository\io\vertx\vertx-web\4.0.0-milestone2\vertx-web-4.0.0-milestone2.jar;C:\Users\alain.plana\.m2\repository\io\vertx\vertx-web-common\4.0.0-milestone2\vertx-web-common-4.0.0-milestone2.jar;C:\Users\alain.plana\.m2\repository\io\vertx\vertx-auth-common\4.0.0-milestone2\vertx-auth-common-4.0.0-milestone2.jar;C:\Users\alain.plana\.m2\repository\io\vertx\vertx-bridge-common\4.0.0-milestone2\vertx-bridge-common-4.0.0-milestone2.jar;C:\Users\alain.plana\.m2\repository\io\vertx\vertx-core\4.0.0-milestone2\vertx-core-4.0.0-milestone2.jar;C:\Users\alain.plana\.m2\repository\io\netty\netty-common\4.1.39.Final\netty-common-4.1.39.Final.jar;C:\Users\alain.plana\.m2\repository\io\netty\netty-buffer\4.1.39.Final\netty-buffer-4.1.39.Final.jar;C:\Users\alain.plana\.m2\repository\io\netty\netty-transport\4.1.39.Final\netty-transport-4.1.39.Final.jar;C:\Users\alain.plana\.m2\repository\io\netty\netty-handler\4.1.39.Final\netty-handler-4.1.39.Final.jar;C:\Users\alain.plana\.m2\repository\io\netty\netty-codec\4.1.39.Final\netty-codec-4.1.39.Final.jar;C:\Users\alain.plana\.m2\repository\io\netty\netty-handler-proxy\4.1.39.Final\netty-handler-proxy-4.1.39.Final.jar;C:\Users\alain.plana\.m2\repository\io\netty\netty-codec-socks\4.1.39.Final\netty-codec-socks-4.1.39.Final.jar;C:\Users\alain.plana\.m2\repository\io\netty\netty-codec-http\4.1.39.Final\netty-codec-http-4.1.39.Final.jar;C:\Users\alain.plana\.m2\repository\io\netty\netty-codec-http2\4.1.39.Final\netty-codec-http2-4.1.39.Final.jar;C:\Users\alain.plana\.m2\repository\io\netty\netty-resolver\4.1.39.Final\netty-resolver-4.1.39.Final.jar;C:\Users\alain.plana\.m2\repository\io\netty\netty-resolver-dns\4.1.39.Final\netty-resolver-dns-4.1.39.Final.jar;C:\Users\alain.plana\.m2\repository\io\netty\netty-codec-dns\4.1.39.Final\netty-codec-dns-4.1.39.Final.jar;C:\Users\alain.plana\.m2\repository\com\fasterxml\jackson\core\jackson-core\2.9.9\jackson-core-2.9.9.jar;C:\Users\alain.plana\.m2\repository\com\fasterxml\jackson\core\jackson-databind\2.9.9.1\jackson-databind-2.9.9.1.jar;C:\Users\alain.plana\.m2\repository\com\fasterxml\jackson\core\jackson-annotations\2.9.0\jackson-annotations-2.9.0.jar;C:\Users\alain.plana\.m2\repository\junit\junit\4.12\junit-4.12.jar;C:\Users\alain.plana\.m2\repository\org\hamcrest\hamcrest-core\1.3\hamcrest-core-1.3.jar;C:\Users\alain.plana\.m2\repository\io\vertx\vertx-unit\4.0.0-milestone2\vertx-unit-4.0.0-milestone2.jar;"/>
    <property name="sun.cpu.endian" value="little"/>
    <property name="user.home" value="C:\Users\alain.plana"/>
    <property name="user.language" value="en"/>
    <property name="java.specification.vendor" value="Oracle Corporation"/>
    <property name="java.version.date" value="2019-07-16"/>
    <property name="java.home" value="C:\Program Files\Java\jdk-11.0.4"/>
    <property name="file.separator" value="\"/>
    <property name="basedir" value="C:\Users\alain.plana\IdeaProjects\parser\chllng"/>
    <property name="java.vm.compressedOopsMode" value="32-bit"/>
    <property name="line.separator" value="&#10;"/>
    <property name="java.specification.name" value="Java Platform API Specification"/>
    <property name="java.vm.specification.vendor" value="Oracle Corporation"/>
    <property name="java.awt.graphicsenv" value="sun.awt.Win32GraphicsEnvironment"/>
    <property name="surefire.real.class.path" value="C:\Users\ALAIN~1.PLA\AppData\Local\Temp\surefire11824941163664639854\surefirebooter13347954496647167235.jar"/>
    <property name="user.script" value=""/>
    <property name="sun.management.compiler" value="HotSpot 64-Bit Tiered Compilers"/>
    <property name="java.runtime.version" value="11.0.4+10-LTS"/>
    <property name="user.name" value="alain.plana"/>
    <property name="path.separator" value=";"/>
    <property name="os.version" value="10.0"/>
    <property name="java.runtime.name" value="Java(TM) SE Runtime Environment"/>
    <property name="file.encoding" value="Cp1251"/>
    <property name="java.vm.name" value="Java HotSpot(TM) 64-Bit Server VM"/>
    <property name="java.vendor.version" value="18.9"/>
    <property name="localRepository" value="C:\Users\alain.plana\.m2\repository"/>
    <property name="java.vendor.url.bug" value="http://bugreport.java.com/bugreport/"/>
    <property name="java.io.tmpdir" value="C:\Users\ALAIN~1.PLA\AppData\Local\Temp\"/>
    <property name="java.version" value="11.0.4"/>
    <property name="user.dir" value="C:\Users\alain.plana\IdeaProjects\parser\chllng"/>
    <property name="os.arch" value="amd64"/>
    <property name="java.vm.specification.name" value="Java Virtual Machine Specification"/>
    <property name="java.awt.printerjob" value="sun.awt.windows.WPrinterJob"/>
    <property name="user.language.format" value="bg"/>
    <property name="sun.os.patch.level" value=""/>
    <property name="java.library.path" value="C:\Program Files\Java\jdk-11.0.4\bin;C:\Windows\Sun\Java\bin;C:\Windows\system32;C:\Windows;C:\ProgramData\DockerDesktop\version-bin;C:\Program Files\Docker\Docker\Resources\bin;C:\Program Files (x86)\Common Files\Oracle\Java\javapath;C:\Windows\system32;C:\Windows;C:\Windows\System32\Wbem;C:\Windows\System32\WindowsPowerShell\v1.0\;C:\Windows\System32\OpenSSH\;C:\Program Files\TortoiseSVN\bin;C:\Program Files\Intel\WiFi\bin\;C:\Program Files\Common Files\Intel\WirelessCommon\;C:\Program Files\Git\cmd;C:\Program Files\nodejs\;C:\Users\alain.plana\apache-maven-3.6.2\bin;C:\Program Files\MySQL\MySQL Shell 8.0\bin\;C:\Users\alain.plana\AppData\Local\Google\Cloud SDK\google-cloud-sdk\bin;C:\Program Files\JetBrains\PyCharm Community Edition 2019.2.3\bin;;C:\Users\alain.plana\AppData\Roaming\npm;C:\Program Files\JetBrains\WebStorm 2019.2.3\bin;;."/>
    <property name="java.vendor" value="Oracle Corporation"/>
    <property name="java.vm.info" value="mixed mode"/>
    <property name="java.vm.version" value="11.0.4+10-LTS"/>
    <property name="sun.io.unicode.encoding" value="UnicodeLittle"/>
    <property name="java.class.version" value="55.0"/>
  </properties>
  <testcase name="shouldAnswerWithTrue" classname="ao.AppTest" time="2.761"/>
</testsuite>